width=10,height=20,player_id=1,seed=1640170508
26:RIGHT
31:RIGHT
34:UP
64:LEFT
69:UP
93:LAND
108:RIGHT
111:RIGHT
113:RIGHT
116:RIGHT
122:LAND
132:LEFT
135:LEFT
138:LEFT
141:LEFT
144:LEFT
149:LAND
160:LEFT
163:UP
170:LEFT
173:LEFT
177:LEFT
181:UP
189:UP
193:RIGHT
196:RIGHT
199:RIGHT
202:RIGHT
212:LAND
223:LEFT
226:LEFT
229:LEFT
237:LAND
254:UP
257:UP
267:LEFT
271:LEFT
276:UP
281:RIGHT
288:LAND
296:LEFT
301:UP
304:UP
308:LEFT
311:LEFT
314:LEFT
320:LAND
333:UP
342:RIGHT
358:LAND
376:UP
379:UP
387:LEFT
390:LEFT
395:UP
399:LEFT
402:LEFT
405:LEFT
410:LAND
423:RIGHT
427:RIGHT
433:LAND
448:LEFT
451:LEFT
454:LEFT
457:LEFT
464:RIGHT
468:LAND
480:LEFT
496:RIGHT
500:RIGHT
502:RIGHT
505:RIGHT
513:LAND
536:LEFT
539:LEFT
542:LEFT
545:LEFT
553:UP
556:RIGHT
559:RIGHT
562:RIGHT
569:LAND
587:UP
590:UP
598:UP
601:UP
605:RIGHT
609:RIGHT
614:LEFT
617:LAND
626:LEFT
633:LEFT
636:LEFT
639:LEFT
648:LEFT
652:LAND
673:LEFT
677:UP
684:LEFT
687:LEFT
690:LEFT
700:LAND
718:LEFT
721:LEFT
725:LEFT
734:LAND
744:UP
748:UP
756:LEFT
764:LAND
775:LEFT
780:UP
784:UP
798:UP
801:UP
804:UP
814:LAND
829:UP
832:RIGHT
835:RIGHT
838:RIGHT
843:LEFT
846:LAND
859:UP
873:RIGHT
875:RIGHT
881:LAND
893:UP
904:UP
907:LEFT
910:LEFT
916:LAND
944:LEFT
948:UP
953:UP
967:RIGHT
973:UP
981:RIGHT
988:LAND
1006:UP
1011:LEFT
1014:LEFT
1019:RIGHT
1022:LAND
1040:UP
1061:UP
1071:UP
1076:LEFT
1082:LAND
1116:UP
1124:LEFT
1128:LEFT
1134:UP
1143:LEFT
1146:LEFT
1150:LEFT
1162:LAND
1175:UP
1179:UP
1182:RIGHT
1186:RIGHT
1190:RIGHT
1194:RIGHT
1200:LAND
1224:LEFT
1227:LEFT
1230:LEFT
1236:LAND
1256:UP
1261:UP
1268:UP
1274:UP
1277:RIGHT
1280:RIGHT
1283:RIGHT
1287:LAND
1310:UP
1317:UP
1322:LEFT
1325:LEFT
1328:LEFT
1334:LAND
1344:UP
1348:UP
1351:RIGHT
1354:RIGHT
1361:LEFT
1363:LAND
1375:UP
1378:UP
1394:UP
1404:LAND
1417:UP
1425:LEFT
1429:LEFT
1434:UP
1459:LAND
1472:UP
1477:UP
1483:RIGHT
1486:RIGHT
1490:LAND
1517:UP
1523:LEFT
1527:RIGHT
1530:LAND
1542:UP
1548:LEFT
1551:LEFT
1554:LEFT
1556:LEFT
1559:LEFT
1565:LAND
1583:UP
1590:UP
1616:UP
1632:UP
1636:LEFT
1643:RIGHT
1654:LEFT
1665:LEFT
1669:LEFT
1672:LEFT
1676:LEFT
1680:UP
1683:LEFT
1686:LEFT
1690:LAND
1704:UP
1724:UP
1729:UP
1735:UP
1742:RIGHT
1747:RIGHT
1751:LAND
1765:UP
1768:RIGHT
1774:LEFT
1778:LEFT
1782:LEFT
1787:LEFT
1789:LEFT
1793:LEFT
1798:RIGHT
1800:LAND
1810:UP
1828:UP
1835:RIGHT
1840:LAND
1851:UP
1855:UP
1859:LEFT
1862:LEFT
1867:LEFT
1872:UP
1879:LEFT
1883:RIGHT
1888:DOWN
1895:DOWN
1910:RIGHT
1917:RIGHT
1945:LEFT
1949:LEFT
1952:LEFT
1955:LEFT
1958:LEFT
1961:LEFT
1967:LAND
1997:LEFT
2000:UP
2007:RIGHT
2010:LAND
2022:UP
2030:UP
2034:LEFT
2037:LEFT
2040:LEFT
2046:LEFT
2052:RIGHT
2054:LAND
2068:RIGHT
2071:RIGHT
2074:RIGHT
2077:RIGHT
2080:LAND
2093:LEFT
2096:UP
2099:UP
2105:LEFT
2112:UP
2115:UP
2120:RIGHT
2126:RIGHT
2129:RIGHT
2132:RIGHT
2135:RIGHT
2142:LAND
2152:UP
2155:UP
2162:RIGHT
2166:RIGHT
2169:UP
2173:UP
2182:LAND
2192:LEFT
2196:UP
2200:LEFT
2203:LEFT
2206:LEFT
2209:LEFT
2214:LAND
2223:LEFT
2227:LEFT
2230:LEFT
2233:LEFT
2236:LEFT
2246:UP
2256:LAND
2268:UP
2272:UP
2278:UP
2281:LEFT
2284:LEFT
2287:LEFT
2290:LEFT
2297:LAND
2308:LEFT
2311:LEFT
2314:LEFT
2317:LEFT
2320:LEFT
2325:LEFT
2331:LAND
2344:UP
2348:LEFT
2352:LEFT
2358:LAND
2370:UP
2388:LEFT
2394:LAND
2407:UP
2412:UP
2416:UP
2426:UP
2429:LEFT
2432:LEFT
2435:LEFT
2438:LEFT
2443:LAND
2469:RIGHT
2477:LAND
2489:UP
2498:UP
2501:LEFT
2504:LEFT
2507:LEFT
2510:LEFT
2515:LAND
2527:UP
2542:LEFT
2545:LEFT
2549:LAND
2560:UP
2570:RIGHT
2575:LEFT
2581:LAND
2594:LEFT
2597:LEFT
2601:LEFT
2607:LAND
2619:RIGHT
2622:RIGHT
2625:RIGHT
2628:RIGHT
2632:LAND
2644:UP
2648:RIGHT
2651:RIGHT
2657:LAND
2668:UP
2672:UP
2677:LEFT
2684:LEFT
2689:UP
2692:LEFT
2695:LEFT
2698:LEFT
2700:LEFT
2709:LAND
2728:RIGHT
2731:RIGHT
2734:RIGHT
2737:LAND
2748:RIGHT
2751:RIGHT
2758:LAND
2773:RIGHT
2779:LAND
2789:UP
2795:UP
2803:LEFT
2807:UP
2810:UP
2817:LEFT
2820:LEFT
2836:UP
2840:UP
2856:LEFT
2859:LAND
2873:RIGHT
2877:LAND
2885:LEFT
2889:LEFT
2892:LEFT
2895:LEFT
2898:LEFT
2905:LAND
2918:RIGHT
2921:RIGHT
2924:LEFT
2929:LEFT
2938:LAND
2943:LEFT
2946:LEFT
2953:UP
2957:UP
2960:LEFT
2963:LEFT
2970:LAND
2980:UP
2986:UP
2989:LEFT
2992:LEFT
2995:LEFT
